<?xml version="1.0" encoding="UTF-8"?>
<testsuite name="com.jp.datastructures.queue.ArrayQueueTest" tests="6" skipped="0" failures="0" errors="0" timestamp="2019-03-27T21:04:53" hostname="DESKTOP-DILTDO4" time="0.002">
  <properties/>
  <testcase name="remove" classname="com.jp.datastructures.queue.ArrayQueueTest" time="0.001"/>
  <testcase name="sizeFrontEqualRear" classname="com.jp.datastructures.queue.ArrayQueueTest" time="0.0"/>
  <testcase name="add" classname="com.jp.datastructures.queue.ArrayQueueTest" time="0.0"/>
  <testcase name="peek" classname="com.jp.datastructures.queue.ArrayQueueTest" time="0.0"/>
  <testcase name="sizeEmpty" classname="com.jp.datastructures.queue.ArrayQueueTest" time="0.0"/>
  <testcase name="sizeFull" classname="com.jp.datastructures.queue.ArrayQueueTest" time="0.0"/>
  <system-out><![CDATA[Queue is full, remove element first.
Queue is empty, add element first.
Queue is full, remove element first.
Queue is full, remove element first.
Queue is empty, add element first.
]]></system-out>
  <system-err><![CDATA[]]></system-err>
</testsuite>
