<?xml version="1.0" encoding="UTF-8"?>
<testsuite name="com.jp.algorithms.sorting.HeapSortTest" tests="4" skipped="0" failures="0" errors="0" timestamp="2019-03-29T19:43:23" hostname="DESKTOP-DILTDO4" time="0.003">
  <properties/>
  <testcase name="heapSortOneValue" classname="com.jp.algorithms.sorting.HeapSortTest" time="0.001"/>
  <testcase name="heapSortManyValues" classname="com.jp.algorithms.sorting.HeapSortTest" time="0.001"/>
  <testcase name="heapSortNullArray" classname="com.jp.algorithms.sorting.HeapSortTest" time="0.0"/>
  <testcase name="heapSortNoValues" classname="com.jp.algorithms.sorting.HeapSortTest" time="0.001"/>
  <system-out><![CDATA[]]></system-out>
  <system-err><![CDATA[]]></system-err>
</testsuite>
