<?xml version="1.0" encoding="UTF-8"?>
<testsuite name="com.jp.datastructures.stack.LinkedListStackTest" tests="9" skipped="0" failures="0" errors="0" timestamp="2019-03-31T19:59:00" hostname="DESKTOP-DILTDO4" time="0.001">
  <properties/>
  <testcase name="isEmptyTrue" classname="com.jp.datastructures.stack.LinkedListStackTest" time="0.001"/>
  <testcase name="pop" classname="com.jp.datastructures.stack.LinkedListStackTest" time="0.0"/>
  <testcase name="peek" classname="com.jp.datastructures.stack.LinkedListStackTest" time="0.0"/>
  <testcase name="push" classname="com.jp.datastructures.stack.LinkedListStackTest" time="0.0"/>
  <testcase name="searchDoesNotContain" classname="com.jp.datastructures.stack.LinkedListStackTest" time="0.0"/>
  <testcase name="popEmpty" classname="com.jp.datastructures.stack.LinkedListStackTest" time="0.0"/>
  <testcase name="isEmptyFalse" classname="com.jp.datastructures.stack.LinkedListStackTest" time="0.0"/>
  <testcase name="searchContains" classname="com.jp.datastructures.stack.LinkedListStackTest" time="0.0"/>
  <testcase name="peekEmpty" classname="com.jp.datastructures.stack.LinkedListStackTest" time="0.0"/>
  <system-out><![CDATA[]]></system-out>
  <system-err><![CDATA[]]></system-err>
</testsuite>
