<?xml version="1.0" encoding="UTF-8"?>
<testsuite name="com.jp.algorithms.sorting.RadixSortTest" tests="4" skipped="0" failures="0" errors="0" timestamp="2019-03-31T19:59:00" hostname="DESKTOP-DILTDO4" time="0.0">
  <properties/>
  <testcase name="radixSortTestNullArray" classname="com.jp.algorithms.sorting.RadixSortTest" time="0.0"/>
  <testcase name="radixSortTestManyValues" classname="com.jp.algorithms.sorting.RadixSortTest" time="0.0"/>
  <testcase name="radixSortTestNoValues" classname="com.jp.algorithms.sorting.RadixSortTest" time="0.0"/>
  <testcase name="radixSortOneValue" classname="com.jp.algorithms.sorting.RadixSortTest" time="0.0"/>
  <system-out><![CDATA[]]></system-out>
  <system-err><![CDATA[]]></system-err>
</testsuite>
