<?xml version="1.0" encoding="UTF-8"?>
<testsuite name="com.jp.algorithms.other.CheckBalancedParenthesesTest" tests="6" skipped="0" failures="0" errors="0" timestamp="2019-04-01T20:33:19" hostname="DESKTOP-DILTDO4" time="0.003">
  <properties/>
  <testcase name="checkBalancedParenthesesTrue1" classname="com.jp.algorithms.other.CheckBalancedParenthesesTest" time="0.002"/>
  <testcase name="checkBalancedParenthesesTrue2" classname="com.jp.algorithms.other.CheckBalancedParenthesesTest" time="0.0"/>
  <testcase name="checkBalancedParenthesesTrue3" classname="com.jp.algorithms.other.CheckBalancedParenthesesTest" time="0.0"/>
  <testcase name="checkBalancedParenthesesFalse1" classname="com.jp.algorithms.other.CheckBalancedParenthesesTest" time="0.0"/>
  <testcase name="checkBalancedParenthesesFalse2" classname="com.jp.algorithms.other.CheckBalancedParenthesesTest" time="0.0"/>
  <testcase name="checkBalancedParenthesesFalse3" classname="com.jp.algorithms.other.CheckBalancedParenthesesTest" time="0.0"/>
  <system-out><![CDATA[]]></system-out>
  <system-err><![CDATA[]]></system-err>
</testsuite>
