<?xml version="1.0" encoding="UTF-8"?>
<testsuite name="com.jp.algorithms.sorting.QuickSortTest" tests="4" skipped="0" failures="0" errors="0" timestamp="2019-03-29T19:43:23" hostname="DESKTOP-DILTDO4" time="0.001">
  <properties/>
  <testcase name="quickSortNullArray" classname="com.jp.algorithms.sorting.QuickSortTest" time="0.0"/>
  <testcase name="quickSortNoValues" classname="com.jp.algorithms.sorting.QuickSortTest" time="0.001"/>
  <testcase name="quickSortManyValues" classname="com.jp.algorithms.sorting.QuickSortTest" time="0.0"/>
  <testcase name="quickSortOneValue" classname="com.jp.algorithms.sorting.QuickSortTest" time="0.0"/>
  <system-out><![CDATA[]]></system-out>
  <system-err><![CDATA[]]></system-err>
</testsuite>
