<?xml version="1.0" encoding="UTF-8"?>
<testsuite name="com.jp.algorithms.other.ReverseStringTest" tests="3" skipped="0" failures="0" errors="0" timestamp="2019-04-01T20:33:19" hostname="DESKTOP-DILTDO4" time="0.001">
  <properties/>
  <testcase name="reverseEmpty" classname="com.jp.algorithms.other.ReverseStringTest" time="0.0"/>
  <testcase name="reverse" classname="com.jp.algorithms.other.ReverseStringTest" time="0.001"/>
  <testcase name="reverseNull" classname="com.jp.algorithms.other.ReverseStringTest" time="0.0"/>
  <system-out><![CDATA[]]></system-out>
  <system-err><![CDATA[]]></system-err>
</testsuite>
