<?xml version="1.0" encoding="UTF-8"?>
<testsuite name="com.jp.algorithms.sorting.MergeSortTest" tests="4" skipped="0" failures="0" errors="0" timestamp="2019-03-27T22:18:17" hostname="DESKTOP-DILTDO4" time="0.001">
  <properties/>
  <testcase name="mergeSortNoValues" classname="com.jp.algorithms.sorting.MergeSortTest" time="0.0"/>
  <testcase name="mergeSortNullArray" classname="com.jp.algorithms.sorting.MergeSortTest" time="0.0"/>
  <testcase name="mergeSortManyValues" classname="com.jp.algorithms.sorting.MergeSortTest" time="0.0"/>
  <testcase name="mergeSortOneValue" classname="com.jp.algorithms.sorting.MergeSortTest" time="0.0"/>
  <system-out><![CDATA[]]></system-out>
  <system-err><![CDATA[]]></system-err>
</testsuite>
